[debug] [2024-05-13T01:30:53.321Z] ----------------------------------------------------------------------
[debug] [2024-05-13T01:30:53.323Z] Command:       C:\Program Files\nodejs\node.exe C:\Program Files\nodejs\node_modules\firebase-tools\lib\bin\firebase.js init
[debug] [2024-05-13T01:30:53.324Z] CLI Version:   13.8.3
[debug] [2024-05-13T01:30:53.324Z] Platform:      win32
[debug] [2024-05-13T01:30:53.324Z] Node Version:  v20.12.0
[debug] [2024-05-13T01:30:53.324Z] Time:          Mon May 13 2024 08:30:53 GMT+0700 (Giờ Đông Dương)
[debug] [2024-05-13T01:30:53.324Z] ----------------------------------------------------------------------
[debug] 
[debug] [2024-05-13T01:30:53.330Z] > command requires scopes: ["email","openid","https://www.googleapis.com/auth/cloudplatformprojects.readonly","https://www.googleapis.com/auth/firebase","https://www.googleapis.com/auth/cloud-platform"]
[debug] [2024-05-13T01:30:53.330Z] > authorizing via signed-in user (0168583lol@gmail.com)
[info] 
     ######## #### ########  ######## ########     ###     ######  ########
     ##        ##  ##     ## ##       ##     ##  ##   ##  ##       ##
     ######    ##  ########  ######   ########  #########  ######  ######
     ##        ##  ##    ##  ##       ##     ## ##     ##       ## ##
     ##       #### ##     ## ######## ########  ##     ##  ######  ########

You're about to initialize a Firebase project in this directory:

  C:\khoahocreact\shoptailwindcss

Before we get started, keep in mind:

  * You are currently outside your home directory

